----- 2014/4/21 17:20:25: Job 'Eclipse to Webapp': ANALYSIS started by Command Line: sync /all on computer 'WIN-22BTT46M79N' (GoodSync 8.4.2.2 on Windows 7) -----
Eclipse to Webapp: D:\3.4workspace\flexecm.web\WebContent =forced-PropDels=> D:\apache-tomcat-6.0.37\webapps\ROOT, SavePrevVers=30d, TmpDest, EstReq, CopyLocked, FileLinksDrill, CaseSens, Reconnect=3
Exclude /WEB-INF|licens*.rfo|cache.rfo|mru.rfo|mpp*.rfo|RoboForm Online Account.rfp|/System Volume Information|Thumbs.db|.DS_Store 
Left: Reading State File D:\3.4workspace\flexecm.web\WebContent\_gsdata_\_file_state._gs
Left: State file does not exist: D:\3.4workspace\flexecm.web\WebContent\_gsdata_\_file_state._gs
Left: No State File found, New State will be built
Left: Files: 85 (excluded ). Folders: 8 (excluded 1). D:\ NTFS, Free: 117 GB, Total: 259 GB
Right: Reading State File D:\apache-tomcat-6.0.37\webapps\ROOT\_gsdata_\_file_state._gs
Right: State file does not exist: D:\apache-tomcat-6.0.37\webapps\ROOT\_gsdata_\_file_state._gs
Right: Reading State File D:\apache-tomcat-6.0.37\webapps\ROOT\css and merge it with the root state
Right: No State File found, New State will be built
Right: Files: 85 (excluded ). Folders: 8 (excluded 2). D:\ NTFS, Free: 117 GB, Total: 259 GB
On disk D: space required for sync is 16.0 KB, you have 117 GB
On disk D: space required for sync is 16.0 KB, you have 117 GB
Changes: 2, Conflicts: , CopyTime: , CopyState: 121, Errors: 
Left to Right: Copy File: 2 Copy State: 30 
----- 2014/4/21 17:20:25: Analysis Completed. Time 00:00:00, Speed: Many files/s -----

===== 2014/4/21 17:20:26: Job 'Eclipse to Webapp': SYNC started by Command Line: sync /all on computer 'WIN-22BTT46M79N' =====
Eclipse to Webapp: D:\3.4workspace\flexecm.web\WebContent =forced-PropDels=> D:\apache-tomcat-6.0.37\webapps\ROOT, SavePrevVers=30d, TmpDest, EstReq, CopyLocked, FileLinksDrill, CaseSens, Reconnect=3
Locking folder D:\3.4workspace\flexecm.web\WebContent for write
Locking folder D:\apache-tomcat-6.0.37\webapps\ROOT for write
Locking folder D:\apache-tomcat-6.0.37\webapps\ROOT\css for write
Sync State: /admin
Sync State: /admin/boot.html
Sync State: /admin/home.html
Sync State: /css
Copy State L>R: /css/css
Copy State L>R: /css/css/as.css
Copy State L>R: /css/css/common.css
Copy State L>R: /css/html5
Copy State L>R: /css/html5/home.html
Copy State L>R: /css/html5/testPost.html
Copy State L>R: /css/html5/users.html
Copy State L>R: /css/img
Copy State L>R: /css/img/btn_icon.gif
Copy State L>R: /css/img/file_add.png
Copy State L>R: /css/img/folder_open_add2.png
Copy State L>R: /css/img/icons.png
Copy State L>R: /css/img/list_bullets.png
Copy State L>R: /css/img/repository.png
Copy State L>R: /css/img/separator.gif
Copy State L>R: /css/img/spacer.gif
Copy State L>R: /css/img/sprite_list_icon.gif
Copy State L>R: /css/img/trash_canfull.png
Copy State L>R: /css/img/window_app_list.png
Copy State L>R: /css/js
Copy State L>R: /css/js/home.js
Copy State L>R: /css/js/jquery-1.7.2.min.js
Copy State L>R: /css/js/plupload.full.js
Copy State L>R: /css/js/plupload.html4.js
Copy State L>R: /css/js/plupload.html5.js
Copy State L>R: /css/js/plupload.js
Copy State L>R: /css/js/xbreadcrumbs.js
Sync State: /css/a.css
Copy State L>R: /css/as.css
Sync State: /css/common.css
Sync State: /css/index.css
Copy State L>R: /css/index.jsp
Copy State L>R: /css/login.html
Sync State: /css/master.css
Save State File D:\apache-tomcat-6.0.37\webapps\ROOT\css\_gsdata_\_file_state._gs
Sync State: /img
Sync State: /img/115.png
Sync State: /img/baiduyun.png
Sync State: /img/bin.png
Sync State: /img/calendar.png
Sync State: /img/cloud_add.png
Sync State: /img/copy.png
Sync State: /img/crumb.svg
Sync State: /img/exts.png
Sync State: /img/find.png
Sync State: /img/find1.png
Sync State: /img/goodgrey.png
Sync State: /img/hand.png
Sync State: /img/head-grey.jpg
Sync State: /img/home.png
Sync State: /img/home.svg
Sync State: /img/home32.png
Sync State: /img/icon_dialog_handle.gif
Sync State: /img/icons_.png
Sync State: /img/invite.png
Sync State: /img/logo-blue.png
Sync State: /img/mazepin.png
Sync State: /img/minmax.png
Sync State: /img/more.png
Sync State: /img/move.png
Sync State: /img/no-preview.png
Sync State: /img/pinClose.png
Sync State: /img/preview-remove.png
Sync State: /img/recent.png
Sync State: /img/recover.png
Sync State: /img/register.png
Sync State: /img/remove.png
Sync State: /img/rename.png
Sync State: /img/search.png
Sync State: /img/share.png
Sync State: /img/slide8-small.png
Sync State: /img/slide8.png
Sync State: /img/small-icon.gif
Sync State: /img/small_file_icon.gif
Sync State: /img/spacer.gif
Sync State: /img/star.png
Sync State: /img/star1.png
Sync State: /img/stared.png
Sync State: /img/tag.png
Sync State: /img/thumb_clear.png
Sync State: /img/topic.png
Sync State: /img/trash.png
Sync State: /img/tree.png
Sync State: /img/tristate-checked.png
Sync State: /img/tristate-unchecked.png
Sync State: /img/unlock.png
Sync State: /img/unstar.png
Sync State: /img/update.png
Sync State: /img/user.png
Sync State: /img/users.png
Sync State: /img/web.png
Sync State: /img/zip.png
Sync State: /js
Sync State: /js/cropbox
Sync State: /js/cropbox/jquery.cropbox.css
Sync State: /js/cropbox/jquery.cropbox.js
Sync State: /js/cropbox/test.jpg
Sync State: /js/a.js
Sync State: /js/admin.js
Sync State: /js/home.js
Copy Over 'D:\3.4workspace\flexecm.web\WebContent\js\index.js' -> 'D:\apache-tomcat-6.0.37\webapps\ROOT\js\index.js'
Sync State: /js/jquery-1.7.2.min.js
Sync State: /js/jquery-ui-1.10.3.custom.min.js
Sync State: /js/plupload.full.js
Sync State: /js/plupload.html4.js
Sync State: /js/plupload.html5.js
Sync State: /js/plupload.js
Sync State: /js/user.js
Sync State: /js/util.js
Sync State: /js/view.js
Sync State: /manage
Sync State: /manage/index.html
Sync State: /META-INF
Sync State: /META-INF/MANIFEST.MF
Sync State: /web
Sync State: /web/home.html
Copy Over 'D:\3.4workspace\flexecm.web\WebContent\index.jsp' -> 'D:\apache-tomcat-6.0.37\webapps\ROOT\index.jsp'
Sync State: /login.html
Sync State: /start.html
Sync State: /view.jsp
Save State File D:\3.4workspace\flexecm.web\WebContent\_gsdata_\_file_state._gs
Save State File D:\apache-tomcat-6.0.37\webapps\ROOT\_gsdata_\_file_state._gs
Delete lock file D:\3.4workspace\flexecm.web\WebContent\_gsdata_\lock.gsl
Delete lock file D:\apache-tomcat-6.0.37\webapps\ROOT\_gsdata_\lock.gsl
Delete lock file D:\apache-tomcat-6.0.37\webapps\ROOT\css\_gsdata_\lock.gsl
Items Synced OK: 123, Errors: 
===== 2014/4/21 17:20:27: Sync Completed. Time: 00:00:01, Speed:  =====

